<?xml version="1.0" encoding="utf-8" standalone="no"?>
<!--This file represents the results of running a test suite-->
<test-results name="Test/bin/Release/Test.dll" total="0" failures="0" not-run="0" date="2018-05-07" time="14:01:42">
  <environment nunit-version="2.4.8.0" clr-version="4.0.30319.42000" os-version="Unix 16.7.0.0" platform="Unix" cwd="/Users/guillermofigueroa/Projects/Test-Travis" machine-name="Guillermos-MacBook-Pro.local" user="guillermofigueroa" user-domain="Guillermos-MacBook-Pro.local" />
  <culture-info current-culture="en-US" current-uiculture="en-US" />
  <test-suite name="Test/bin/Release/Test.dll" success="True" time="0.016" asserts="0">
    <results />
  </test-suite>
</test-results>